[debug] [2022-07-15T15:47:52.679Z] ----------------------------------------------------------------------
[debug] [2022-07-15T15:47:52.680Z] Command:       C:\Program Files\nodejs\node.exe C:\Users\tbenc\AppData\Roaming\npm\node_modules\firebase-tools\lib\bin\firebase.js init hosting
[debug] [2022-07-15T15:47:52.681Z] CLI Version:   11.2.2
[debug] [2022-07-15T15:47:52.681Z] Platform:      win32
[debug] [2022-07-15T15:47:52.681Z] Node Version:  v16.16.0
[debug] [2022-07-15T15:47:52.682Z] Time:          Sat Jul 16 2022 00:47:52 GMT+0900 (GMT+09:00)
[debug] [2022-07-15T15:47:52.682Z] ----------------------------------------------------------------------
[debug] 
[debug] [2022-07-15T15:47:52.734Z] > command requires scopes: ["email","openid","https://www.googleapis.com/auth/cloudplatformprojects.readonly","https://www.googleapis.com/auth/firebase","https://www.googleapis.com/auth/cloud-platform"]
[debug] [2022-07-15T15:47:52.735Z] > authorizing via signed-in user (tbencun156@gmail.com)
[info] 
     ######## #### ########  ######## ########     ###     ######  ########
     ##        ##  ##     ## ##       ##     ##  ##   ##  ##       ##
     ######    ##  ########  ######   ########  #########  ######  ######
     ##        ##  ##    ##  ##       ##     ## ##     ##       ## ##
     ##       #### ##     ## ######## ########  ##     ##  ######  ########

You're about to initialize a Firebase project in this directory:

  C:\Users\tbenc\OneDrive\デスクトップ\todays_dinner

Before we get started, keep in mind:

  * You are initializing within an existing Firebase project directory

[info] 
=== Project Setup
[info] 
[info] First, let's associate this project directory with a Firebase project.
[info] You can create multiple project aliases by running firebase use --add, 
[info] but for now we'll just set up a default project.
[info] 
[debug] [2022-07-15T15:48:16.346Z] Using project from CLI flag: today-s-dinner-97807
[debug] [2022-07-15T15:48:16.349Z] >>> [apiv2][query] GET https://firebase.googleapis.com/v1beta1/projects/today-s-dinner-97807 [none]
[debug] [2022-07-15T15:48:16.729Z] <<< [apiv2][status] GET https://firebase.googleapis.com/v1beta1/projects/today-s-dinner-97807 200
[debug] [2022-07-15T15:48:16.729Z] <<< [apiv2][body] GET https://firebase.googleapis.com/v1beta1/projects/today-s-dinner-97807 {"projectId":"today-s-dinner-97807","projectNumber":"499566513836","displayName":"today's dinner","name":"projects/today-s-dinner-97807","resources":{"hostingSite":"today-s-dinner-97807","storageBucket":"today-s-dinner-97807.appspot.com","locationId":"asia-northeast1"},"state":"ACTIVE"}
[info] i  Using project today-s-dinner-97807 (today's dinner) 
[info] 
=== Hosting Setup
[info] 
[info] Your public directory is the folder (relative to your project directory) that
[info] will contain Hosting assets to be uploaded with firebase deploy. If you
[info] have a build process for your assets, use your build's output directory.
[info] 
